  ApplyRecruitment.cpp
C:\Users\how06\source\repos\ysw3\ApplyRecruitment_control.h(12,20): error C2327: 'ApplyRecruitment::ApplyRecruitmentUI': 형식 이름, 정적 또는 열거자가 아닙니다.
C:\Users\how06\source\repos\ysw3\ApplyRecruitment.h(7,24): error C2011: 'ApplyRecruitment': 'class' 형식 재정의
C:\Users\how06\source\repos\ysw3\ApplyRecruitment_control.h(8,7): message : 'ApplyRecruitment' 선언을 참조하십시오.
C:\Users\how06\source\repos\ysw3\ApplyRecruitment.cpp(8,19): error C2027: 정의되지 않은 형식 'ApplyRecruitment'을(를) 사용했습니다.
C:\Users\how06\source\repos\ysw3\ApplyRecruitment_control.h(8,7): message : 'ApplyRecruitment' 선언을 참조하십시오.
C:\Users\how06\source\repos\ysw3\ApplyRecruitment.cpp(8,38): error C4430: 형식 지정자가 없습니다. int로 가정합니다. 참고: C++에서는 기본 int를 지원하지 않습니다.
C:\Users\how06\source\repos\ysw3\ApplyRecruitment.cpp(10,1): warning C4508: '{ctor}': 함수는 값을 반환해야 하므로 'void' 반환 형식으로 간주됩니다.
C:\Users\how06\source\repos\ysw3\ApplyRecruitment.cpp(12,19): error C2027: 정의되지 않은 형식 'ApplyRecruitment'을(를) 사용했습니다.
C:\Users\how06\source\repos\ysw3\ApplyRecruitment_control.h(8,7): message : 'ApplyRecruitment' 선언을 참조하십시오.
C:\Users\how06\source\repos\ysw3\ApplyRecruitment.cpp(13,1): fatal  error C1004: 예기치 않은 파일의 끝이 나타났습니다.
  CheckApply.cpp
  Company.cpp
C:\Users\how06\source\repos\ysw3\Company.cpp(9,1): fatal  error C1004: 예기치 않은 파일의 끝이 나타났습니다.
  main.cpp
  Recruitment.cpp
C:\Users\how06\source\repos\ysw3\ApplyRecruitment.h(11,1): error C2143: 구문 오류: ';'이(가) '}' 앞에 없습니다.
C:\Users\how06\source\repos\ysw3\Recruitment.cpp(17,1): error C2059: 구문 오류: '}'
  User.cpp
  코드를 생성하고 있습니다...
